<?xml version="1.0" encoding="UTF-8"?>
<testng-results skipped="0" failed="0" total="1" passed="1">
  <reporter-output>
  </reporter-output>
  <suite name="Default suite" duration-ms="49586" started-at="2016-04-18T23:29:05Z" finished-at="2016-04-18T23:29:55Z">
    <groups>
    </groups>
    <test name="Default test" duration-ms="49586" started-at="2016-04-18T23:29:05Z" finished-at="2016-04-18T23:29:55Z">
      <class name="com.sample.selenium.test.TestPage">
        <test-method status="PASS" signature="setUp()[pri:0, instance:com.sample.selenium.test.TestPage@6e8dacdf]" name="setUp" is-config="true" duration-ms="23696" started-at="2016-04-18T16:29:05Z" finished-at="2016-04-18T16:29:29Z">
          <reporter-output>
          </reporter-output>
        </test-method> <!-- setUp -->
        <test-method status="PASS" signature="test01()[pri:0, instance:com.sample.selenium.test.TestPage@6e8dacdf]" name="test01" duration-ms="20613" started-at="2016-04-18T16:29:29Z" finished-at="2016-04-18T16:29:50Z">
          <reporter-output>
          </reporter-output>
        </test-method> <!-- test01 -->
        <test-method status="PASS" signature="tearDown()[pri:0, instance:com.sample.selenium.test.TestPage@6e8dacdf]" name="tearDown" is-config="true" duration-ms="5223" started-at="2016-04-18T16:29:50Z" finished-at="2016-04-18T16:29:55Z">
          <reporter-output>
          </reporter-output>
        </test-method> <!-- tearDown -->
      </class> <!-- com.sample.selenium.test.TestPage -->
    </test> <!-- Default test -->
  </suite> <!-- Default suite -->
</testng-results>
